[2016-09-18 16:16:31] (ERROR @ /var/www/html/shop.com/core/xpdo/transport/xpdoobjectvehicle.class.php : 227) Could not copy /var/www/html/shop.com/core/packages/core/modContext/ee8371d134483fff7937d51391efe348/0/ to /var/www/html/shop.com/index.php
[2016-09-18 16:16:31] (ERROR @ /var/www/html/shop.com/core/xpdo/transport/xpdoobjectvehicle.class.php : 227) Could not copy /var/www/html/shop.com/core/packages/core/modContext/ee8371d134483fff7937d51391efe348/1/ to /var/www/html/shop.com/ht.access
[2016-09-18 16:16:31] (ERROR @ /var/www/html/shop.com/core/xpdo/transport/xpdoobjectvehicle.class.php : 227) xPDOVehicle resolver failed: type php (/var/www/html/shop.com/core/packages/core/modContext/ee8371d134483fff7937d51391efe348.resolve.core.resolver)
[2016-09-18 16:16:31] (ERROR @ /var/www/html/shop.com/core/xpdo/transport/xpdoobjectvehicle.class.php : 88) Could not resolve vehicle for object of class modContext; criteria: Array
(
    [key] => web
)

[2016-09-18 16:16:31] (ERROR @ /var/www/html/shop.com/core/xpdo/transport/xpdoobjectvehicle.class.php : 227) Could not copy /var/www/html/shop.com/core/packages/core/modContext/e1605274c80a3b04714ebfb596516855/0/ to /var/www/html/shop.com/manager/assets
[2016-09-18 16:16:31] (ERROR @ /var/www/html/shop.com/core/xpdo/transport/xpdoobjectvehicle.class.php : 227) Could not copy /var/www/html/shop.com/core/packages/core/modContext/e1605274c80a3b04714ebfb596516855/1/ to /var/www/html/shop.com/manager/controllers
[2016-09-18 16:16:31] (ERROR @ /var/www/html/shop.com/core/xpdo/transport/xpdoobjectvehicle.class.php : 227) Could not copy /var/www/html/shop.com/core/packages/core/modContext/e1605274c80a3b04714ebfb596516855/2/ to /var/www/html/shop.com/manager/templates
[2016-09-18 16:16:31] (ERROR @ /var/www/html/shop.com/core/xpdo/transport/xpdoobjectvehicle.class.php : 227) Could not copy /var/www/html/shop.com/core/packages/core/modContext/e1605274c80a3b04714ebfb596516855/3/ to /var/www/html/shop.com/manager/min
[2016-09-18 16:16:31] (ERROR @ /var/www/html/shop.com/core/xpdo/transport/xpdoobjectvehicle.class.php : 227) Could not copy /var/www/html/shop.com/core/packages/core/modContext/e1605274c80a3b04714ebfb596516855/4/ to /var/www/html/shop.com/manager/ht.access
[2016-09-18 16:16:31] (ERROR @ /var/www/html/shop.com/core/xpdo/transport/xpdoobjectvehicle.class.php : 227) Could not copy /var/www/html/shop.com/core/packages/core/modContext/e1605274c80a3b04714ebfb596516855/5/ to /var/www/html/shop.com/manager/index.php
[2016-09-18 16:16:31] (ERROR @ /var/www/html/shop.com/core/xpdo/transport/xpdoobjectvehicle.class.php : 227) xPDOVehicle resolver failed: type php (/var/www/html/shop.com/core/packages/core/modContext/e1605274c80a3b04714ebfb596516855.resolve.core.resolver)
[2016-09-18 16:16:31] (ERROR @ /var/www/html/shop.com/core/xpdo/transport/xpdoobjectvehicle.class.php : 88) Could not resolve vehicle for object of class modContext; criteria: Array
(
    [key] => mgr
)

[2016-09-18 16:16:31] (ERROR @ /var/www/html/shop.com/core/xpdo/transport/xpdofilevehicle.class.php : 40) Could not install files from /var/www/html/shop.com/core/packages/core/xPDOFileVehicle/ba126d573d69f603cb9e9fff31de270c/ to /var/www/html/shop.com/connectors/
[2016-09-18 16:16:31] (ERROR @ /var/www/html/shop.com/core/xpdo/transport/xpdofilevehicle.class.php : 40) Could not install files from /var/www/html/shop.com/core/packages/core/xPDOFileVehicle/238dc0dfc087f73caca6610efa9711d2/ to /var/www/html/shop.com/connectors/
[2016-09-18 16:16:31] (ERROR @ /var/www/html/shop.com/core/xpdo/transport/xpdofilevehicle.class.php : 40) Could not install files from /var/www/html/shop.com/core/packages/core/xPDOFileVehicle/02f2376dfa94726d280ea70aab3c84a3/ to /var/www/html/shop.com/connectors/
[2016-09-18 16:16:31] (ERROR @ /var/www/html/shop.com/core/xpdo/transport/xpdofilevehicle.class.php : 40) Could not install files from /var/www/html/shop.com/core/packages/core/xPDOFileVehicle/cbab3ef3f0a5e998264a1903ee8e5e49/ to /var/www/html/shop.com/connectors/
[2016-09-18 16:16:31] (ERROR @ /var/www/html/shop.com/core/xpdo/transport/xpdofilevehicle.class.php : 105) xPDOVehicle resolver failed: type php (/var/www/html/shop.com/core/packages/core/xPDOFileVehicle/cbab3ef3f0a5e998264a1903ee8e5e49.resolve.core.resolver)
